2025-10-20: Linear Regression
2025-10-20: Ridge Regression
2025-10-20: Lasso Regression
2025-10-20: Elastic Net
2025-10-20: Polynomial Regression
2025-10-20: Logistic Regression
2025-10-20: Multinomial Logistic Regression
2025-10-20: Ordinal Logistic Regression
2025-10-20: Stepwise Regression
2025-10-20: Bayesian Linear Regression
2025-10-20: Gaussian Process Regression
2025-10-20: Support Vector Regression
2025-10-21: Linear Regression
2025-10-21: Ridge Regression
2025-10-21: Lasso Regression
2025-10-21: Elastic Net
2025-10-21: Polynomial Regression
2025-10-21: Logistic Regression
2025-10-21: Multinomial Logistic Regression
2025-10-21: Ordinal Logistic Regression
2025-10-21: Stepwise Regression
2025-10-21: Bayesian Linear Regression
2025-10-21: Gaussian Process Regression
2025-10-21: Support Vector Regression
2025-10-24: Linear Regression
2025-10-24: Ridge Regression
2025-10-24: Lasso Regression
2025-10-24: Elastic Net
2025-10-24: Polynomial Regression
2025-10-24: Logistic Regression
2025-10-24: Multinomial Logistic Regression
2025-10-24: Ordinal Logistic Regression
2025-10-24: Stepwise Regression
2025-10-24: Bayesian Linear Regression
2025-10-24: Gaussian Process Regression
2025-10-24: Support Vector Regression
2025-10-26: Linear Regression
2025-10-26: Ridge Regression
2025-10-26: Lasso Regression
2025-10-26: Elastic Net
2025-10-26: Polynomial Regression
2025-10-26: Logistic Regression
2025-10-26: Multinomial Logistic Regression
2025-10-26: Ordinal Logistic Regression
2025-10-26: Stepwise Regression
2025-10-26: Bayesian Linear Regression
2025-10-26: Gaussian Process Regression
2025-10-26: Support Vector Regression
2025-10-29: Linear Regression
2025-10-29: Ridge Regression
2025-10-29: Lasso Regression
2025-10-29: Elastic Net
2025-10-29: Polynomial Regression
2025-10-29: Logistic Regression
2025-10-29: Multinomial Logistic Regression
2025-10-29: Ordinal Logistic Regression
2025-10-29: Stepwise Regression
